<?xml version="1.0" encoding="UTF-8"?>
<!-- Generated by org.testng.reporters.JUnitXMLReporter -->
<testsuite ignored="0" hostname="VJH" failures="0" tests="3" name="Test Cases For HOME" time="142.301" errors="0" timestamp="2022-11-22T11:41:03 IST">
  <testcase classname="ttb_AllPage.OnTheClock" name="OnTheClockPage" time="46.079"/>
  <testcase classname="ttb_AllPage.Reports" name="ReportsPage" time="47.358"/>
  <testcase classname="ttb_AllPage.Contacts" name="ContactsPage" time="48.797"/>
</testsuite> <!-- Test Cases For HOME -->
