<?xml version="1.0" encoding="UTF-8"?>
<!-- Generated by org.testng.reporters.JUnitXMLReporter -->
<testsuite ignored="12" hostname="VJH" failures="0" tests="15" name="Test Cases For All Pages" time="56.38" errors="0" timestamp="2022-12-29T19:09:52 IST">
  <testcase classname="z_successfulFunctions.TTB_AallPagesLoading" name="OnTheClock" time="4.867"/>
  <testcase classname="z_successfulFunctions.TTB_AallPagesLoading" name="Reports" time="5.408"/>
  <testcase classname="z_successfulFunctions.TTB_AallPagesLoading" name="Contacts" time="7.355"/>
  <testcase classname="z_successfulFunctions.TTB_AallPagesLoading" name="WeeklyTimeSheets" time="4.766"/>
  <testcase classname="z_successfulFunctions.TTB_AallPagesLoading" name="MangeMyEntries" time="3.586"/>
  <testcase classname="z_successfulFunctions.TTB_AallPagesLoading" name="ManageTeamEntries" time="2.211"/>
  <testcase classname="z_successfulFunctions.TTB_AallPagesLoading" name="RecurringExpenses" time="4.048"/>
  <testcase classname="z_successfulFunctions.TTB_AallPagesLoading" name="TimeOff" time="3.623"/>
  <testcase classname="z_successfulFunctions.TTB_AallPagesLoading" name="Approvals" time="2.827"/>
  <testcase classname="z_successfulFunctions.TTB_AallPagesLoading" name="LockTimePeriod" time="2.481"/>
  <testcase classname="z_successfulFunctions.TTB_AallPagesLoading" name="Notes" time="3.313"/>
  <testcase classname="z_successfulFunctions.TTB_AallPagesLoading" name="Projects" time="5.228"/>
  <testcase classname="z_successfulFunctions.TTB_AallPagesLoading" name="Clients" time="2.89"/>
  <testcase classname="z_successfulFunctions.TTB_AallPagesLoading" name="Schedule" time="3.497"/>
  <testcase classname="z_successfulFunctions.TTB_AallPagesLoading" name="servernumber" time="0.167"/>
  <testcase classname="z_successfulFunctions.TTB_AallPagesLoading" name="Clientportal" time="0.0">
    <ignored/>
  </testcase> <!-- Clientportal -->
  <testcase classname="z_successfulFunctions.TTB_AallPagesLoading" name="ClientPayments" time="0.0">
    <ignored/>
  </testcase> <!-- ClientPayments -->
  <testcase classname="z_successfulFunctions.TTB_AallPagesLoading" name="UserAcheivements" time="0.0">
    <ignored/>
  </testcase> <!-- UserAcheivements -->
  <testcase classname="z_successfulFunctions.TTB_AallPagesLoading" name="FlatFiles" time="0.0">
    <ignored/>
  </testcase> <!-- FlatFiles -->
  <testcase classname="z_successfulFunctions.TTB_AallPagesLoading" name="MoreMenuPage" time="0.0">
    <ignored/>
  </testcase> <!-- MoreMenuPage -->
  <testcase classname="z_successfulFunctions.TTB_AallPagesLoading" name="History" time="0.0">
    <ignored/>
  </testcase> <!-- History -->
  <testcase classname="z_successfulFunctions.TTB_AallPagesLoading" name="ManageUses" time="0.0">
    <ignored/>
  </testcase> <!-- ManageUses -->
  <testcase classname="z_successfulFunctions.TTB_AallPagesLoading" name="ScreenAnnouncmentsQuestions" time="0.0">
    <ignored/>
  </testcase> <!-- ScreenAnnouncmentsQuestions -->
  <testcase classname="z_successfulFunctions.TTB_AallPagesLoading" name="Settings" time="0.0">
    <ignored/>
  </testcase> <!-- Settings -->
  <testcase classname="z_successfulFunctions.TTB_AallPagesLoading" name="Adjustments" time="0.0">
    <ignored/>
  </testcase> <!-- Adjustments -->
  <testcase classname="z_successfulFunctions.TTB_AallPagesLoading" name="Invoices" time="0.0">
    <ignored/>
  </testcase> <!-- Invoices -->
  <testcase classname="z_successfulFunctions.TTB_AallPagesLoading" name="Statements" time="0.0">
    <ignored/>
  </testcase> <!-- Statements -->
</testsuite> <!-- Test Cases For All Pages -->
